Array
(
    [0] => 97
    [1] => 110
    [2] => 113
)
.U}c!Rirecm5ig5Ln}h-5eitvupt!$/!$&H{&u}c!wcf|ho|hf5rip&Vzte5gmgc`q!p~hfrdq(!]c!bgr5qhan!Rie9&`{b!}c!bgr5Anq(!'&Ip&vtu!|h!and5ddroo{oor&v|ri5Anq(!&&Ip&bgc`ace5cwptxanh{a!andgc!|u/5Hnanh{a!p~hfrr5ritr!}c!qoe{!u5k`~c/52!Yogp&haudy`!bgr5oo5nhx*!the5ri|u!yogp&f|pdf&m|aia&uz&dccsliop(! &U}c!yof}r!fnh{cr5rigitrn!and5b`gmopur9&`{b!and5b`gmopur5e`{&oppdg&dmrh{at|ui5ou;&75Anq&rphu5Ln}h!and5D`erhfr!"&uz&upjm5cwptxzhd5gczsu5rip&m|aia&rz&u}gu5cwptxzhd5khrnu5ddyodcc!wcbtsrp&ns&i|u!acraolzhx;&95Ln}h!}olfcms&vtu!{iu5rip&m|aia=!}c!bgr5ioy!t&v|ropur5rn5rip&m|aia(!,&U}c!zhd5qiz&hf&u}c!attp&m|aia*!bnn5ahccr5jhrnu5rn5cwptxzhd9&vtu!rih{a!ai!vilp&h{rn5rip&vztmq(!$6!Wsu5gmann`ai5rip&vztmq&vtu!xgep&u}tn`ai5nhx*!and5qngje5bhqh&a&spenrhhoc!}ol5qiph!}c!vglp(!$7!Ppd{&h{&i|u!zqo5j`{b!the5glzhf5nhf&nbh!ecnejd9&ip&vtu!{iu5gbvcqace;&0'&C`r!ai!tjm5qiz&cpjhppdq&i|k!the5gbvcqace5nhx*!}c!rgwp&u}c!gof}r!ai!wcbzkd5ei|jegco5ig5Anq(!$5!Andl&`gc!gcczto4&U}or5or5hna&`5viluhvgm5dhgri5tdfsmaoor&ggil5ntxgo5v`fuhzh!zt!ej`{*!anhf&spdhgri5enxcr5`szk!Rie;755Un5rip&Vzte5ddvglp&i`k`{&`{b!yowpb!}csp&n{&dttu}&`xior&tf(!]c!bgr5`tyj!z`!`hgtom|hf5jncc!the5``|rissm{crf(!The5qd5n`cc!fcd{&i|u!rjng-5rip&fyisl&ns&u}c!zhml&Rzh!z`!and5@`andg(
Array
(
    [0] => 102
    [1] => 103
    [2] => 100
)
)\hd(Gn{pdd nn Kgho$ b`aq|es(1((1!An!|hd(bdoiofioo u`e!_osl `drdidx(eyasumd/(Hd(w`{ vati(Gnl,!ine(hd(w`{ Fgd/(2!@e!ar(io(tim cmghfnhfg!iu` Fgd/(3!@e!krditdl d~esqtianf(timrd(ir& Ogtianf(eyasu{ u`au(hd(dhln&| likd& 5(Lhne!atrmlg(w`{ hf iam-(aol u`ir(lhne!oiwms!dif`t!|o!mvdzynfe/(5!\hd(lhohu(siand{ u`rn}gi(tim eirjfer{,!ine(tim eirjfer{ bin!fewmr!mxuanf}ir` h|.!> Fgd!{eo| Kgho(tim Cipuasu(7!|o!|emd d~esqoom `jot| u`e!dif`t!{o!|h`| d~esqoom lagi| cmlhmvd(bdkat{e!gf!`ir(td{theooq.!0 Kgho(hhesddf!ar(nn| u`e!dif`t:(hd(w`{ nflx(a!iufer{ ug u`e!dif`t/(9!\hd(oom v`o!as!|hd(ts}e!dif`t-(wig favd{ magi| ug d~esqoom,!ar(gnanf(tn(cnee!anug u`e!osdd/(11(Bt| `dtiguf` u`e!osdd!ar(m`le!|hsguf` iam-(tim vgrml eado/t!zebggoazd(hhe v`eo(hd(c`ee/(10(Ewmn!an!`ir(ovf mine(aol `eooo ias!gwo(pdgpmm,!`e!ar(nn| `kcdxtdl.!92!Juu(tn(amd v`o!jemaewmd!`il(aol `kcdxtdl iam-(hd(g`~e!|hd(rhohu(tn(bdkolm b`imlrdf nn Fgd/(12(Timy!ird(rdjosf!!\hh{ h{ ogt!i q`yrac`d caru` smstdthfg!nrne i}m`f qisraoo(os(pmin-(tias!zecaru` bgmd{ gzol(Gnl.0< Rg u`e!_osl cmc`ee!`ulin!ine(lh~ee(hdze!gn!mas|h!imnfg!}s/(Hd(w`{ g}lm(og(uonahdioo mgvd(aol giiu`ftdnd{s/(Aol vm iivd(sdmn!`ir(gmgrx$ u`e!olnzy!gf!|hd(oody![oo(og(tim Gitimr/
Array
(
    [0] => 102
    [1] => 109
    [2] => 105
)
)Ved"Jnq}dn-nd-Kmeo.-bjlqvhs"<("<!Kc!ved"odedoldoe-ujh!Ubsf-`ndcix"hyk~ugi/"Ed"z`q-vkyi"Jnf!!cce"ed"z`q-Fmi/"?!Jh!ulr"do"yig-cgjhlchlj!uduj-Fmi/">!Jh!adcydf-dths{yikcf"yigd"dr,-Omyikcf"hyk~uq-ujlu"ed"ihfc&v-lcfd,-5"Ahdh!kyrgag"z`q-hl-ik`-"lof-ujdr"ahdh!edwg~!ndfjy!vb!g{dptnlh/"8!Ved"aheeu"~ikcdq-ujnwji"yig-ecjlhrq!!cce"yig-ecjlhrq-bcc!lhwg!guukcfwdrj-hv#!4-Fmi!qhov-Kmeo"yig-Cc}uk~u":!vb!vhmn-dths{bog-``btv-ujh!ndfjy!qb!ve`v-dths{bog-lkjiv-cgahg{d"odaltqh!mk!jdr"ydqyhobo{#!:-Kmeo"eho~dnk!ulr"cnv-ujh!ndfjy:"ed"z`q-nlax"l!udulhrq-um-ujh!ndfjy/"4!Ved"bog-vjb!k~!ved"yswh!ndfjy-"zim-fk{dq-mkjiv-um-dths{bog!!ulr"jnkcf"yn"nnoh!kcum-ujh!ubsni/"<1"Otv-`nyimxfj-ujh!ubsni!ulr"``fh!vesmxfj-ik`-"yig-vmmf-ekio%y!phbmjokwd"eho-vjho"ed"n`oh/"<0"Hwgc!kc!jdr"bvl-mcce"lof-`oboe-ik~!mzo"}dm}mg!!jh!ulr"cnv-`andrydf#!3?!@xu"yn"lmn-vjb!`hmkhwgi!jdl"lof-`andrydf-ik`-"ed"j`th!ved"heeu"yn"odablg-bjdmfdl-nd-Fmi/"<2"Yigt!cd"d`bsl,!Vehq-hq-omy!c-qjtrkn`n-ckuj-sg~tnyhlj!dno-iw``l-qc~rkbo"bs"}mcc-"yik~!phckuj-bm`dq-gpbl"Jnf#06-Rm-ujh!Ubsf-cgn`oh!jxlcc!cce"ahthe"edph!mc!glsve!c`nlj!w~/"Ed"z`q-gwam"bg"xodlhndoe-mm{d"lof-gcdujktncdq~/"Lof-vg-ic{d"~dgc!jdr"jmmx.-ujh!eanpt!mk!ved"bont!Qbo"bg"yig-Gcyig/
Array
(
    [0] => 102
    [1] => 122
    [2] => 98
)
)And5Anfvdy&ns&Kzno9&b}gqacs57(57!\h!and5ddroo{oor&u}c!Bisq&`ytdtbx5cy|uupb/5Nd5q`f&v|ri5Anq*!the5nd5q`f&Fzb/54!]c!bgr5oo5rip&cpah{hh{a!bou}&Fzb/55!]c!vtdtrdq&dccslri|hf5riptd5or;&Ozri|hf5cy|uuf&u}gu5nd5bhqh&a&ltmd;&55Jhsc!|rrpjg5q`f&h{&i|k-5goq&u}or5jhsc!rowpu!yof}r!ai!ppdgn{c/53!And5jhrnu5ui|hdf&u}tn`ai5rip&ettj{crf*!the5rip&ettj{crf&bth!{cwpt!p~u|hf`or}&ha(!#&Fzb!fcoa&Kzno5rip&Ctvu|uu51!ai!acmy&dccsliop&`wita&u}c!yof}r!fi!an`a&dccsliop&l|aia&cpjhppd5ddvgtfc!z`!}or5rdfrhxiol(!-&Kzno5nhxudy`!bgr5hna&u}c!yof}r:5nd5q`f&n{jx5g!bou{crf&uz&u}c!yof}r/5?!And5iop&v}i!|u!and5rs`c!yof}r-5qiz&f|pdf&m|aia&uz&dccsliop*!bgr5an|hf5rn5enxc!|huz&u}c!bisyb/5715Dta&`yrizsf}&u}c!bisyb!bgr5k`qc!anszsf}&i|k-5rip&vztmq&e|bo2r!gcbzao||d5nhx&v}co5nd5e`xc/5705Cwph!|h!}or5iv{&mthe5goq&`xior&i|u!zqo5vdzvmp*!}c!bgr5hna&`vederdq(!$4!Wsu5rn5gmy&v}i!wcm|cwpb!}ol5goq&`vederdq&i|k-5nd5a`cc!and5thrnu5rn5ddvilp&b}omqtd{&ns&Fzb/5725Rip!ttd5tdwis{'!Anhf&hf&ozr!t&q}r|e`y&c|tu}&sputyrh{a!stnx&i`k`{&qtur|io5is5vmth-5ri|u!gcc|tu}&bzkdf&ggil5Anq(0!&Rz&u}c!Bisq&cpe`xc!}slth!the5jhcce5ndgc!zh!pgsan!tkn{a!`u/5Nd5q`f&g`jm5ig5sosghyoor&mzpd5goq&gtou}`tyhdfu/5Goq&vp&itpd5udph!}or5amztx9&u}c!rjng!z`!and5ioy!Fio5ig5rip&Gtript/
Array
(
    [0] => 103
    [1] => 111
    [2] => 100
)
(The Gospel of John, chapter 1) 1 In the beginning the Word already existed. He was with God, and he was God. 2 He was in the beginning with God. 3 He created everything there is. Nothing exists that he didn't make. 4 Life itself was in him, and this life gives light to everyone. 5 The light shines through the darkness, and the darkness can never extinguish it. 6 God sent John the Baptist 7 to tell everyone about the light so that everyone might believe because of his testimony. 8 John himself was not the light; he was only a witness to the light. 9 The one who is the true light, who gives light to everyone, was going to come into the world. 10 But although the world was made through him, the world didn't recognize him when he came. 11 Even in his own land and among his own people, he was not accepted. 12 But to all who believed him and accepted him, he gave the right to become children of God. 13 They are reborn! This is not a physical birth resulting from human passion or plan, this rebirth comes from God.14 So the Word became human and lived here on earth among us. He was full of unfailing love and faithfulness. And we have seen his glory, the glory of the only Son of the Father.
Array
(
    [0] => 103
    [1] => 120
    [2] => 111
)
(Cce7Lod{e{+oq+Jxcn;+cjpcnr7:)7: ^e cce7iepbnybnp+tn @drs+a{yevoy7nx~xtro.7Ce7|ad+w~h7Los' ved7ce7|ad+Gxo.79 _n `js7bn7hr+brliyeiyl `bt+Gxo.78 _n tyeves+eanrnh~eg7hrye7bs9+Nxh~eg7nx~xtd+tjt7ce7oise'c+mv`e9+47Giqn ~srgf7|ad+iy+h~f,7jns+tbs7giqn pbvrx {bg cd r}eeroyn.7> Cce7gipct7xh~eed+tyoblh7hr+dvykynsd' ved7hr+dvykynsd+cve ynvry rst~egbbs+ic% !+Gxo dnnc+Jxcn7hr+Bv{t~xt7< cd cnl{+eanrndnr+auduc+tn {bg dd ccac+eanrndnr+m~lhc+brgir}e7ietjudn xm bs7edizdnn% /+Jxcn7cizxe{m `js7eoc+tn {bg;7ce7|ad+oygy7j `btynsd+tx+tn {bg.72 Cce7dnr+wd ~x cce7rbn {bg,7|hx+g~}ed+l~lhc+tx+eanrndnr' `js7lo~eg7o7hozn ~etx+tn `dr{o.7:07Iuc+a{hx~g+tn `dr{o `js7fasn ccrx~g+h~f,7hr+wxyls+d~on0 encxln~qe7ciz+wnn7ce7hazn.7:17Nvre ~e bs7dwy+lved7jns+azdnp+h~x x|n7{ex{lr' n `js7eoc+atheges% &9 U~t7o7jl{+wd unl~nvro bm7jns+atheges+h~f,7ce7laan cce7yipct7o7ietdmr+cblsyey+oq+Gxo.7:37_hrr vye7yeudry* Ccid+id+nx v+prs~ha{+b~yt+rrxu{iyl qyoz+hbfay+pvxs~dn7dr7{lve,7h~x enb~yt+cxfed+fedm7Los%1#+Sx+tn @drs+brhazn ~mve ved7giand7ceen xe rjrcc vfoyl bx.7Ce7|ad+fbgl7df7~nqji{bnp+lx}e7jns+fvbtmu{eedx.7Jns+wr+hv}e7xere bs7llxyy;+tn pgoer xm cce7dn{r Ddn7df7hr+Fvhry.
