1 3 7 109
1 3 7 187
1 3 7 823
1 3 31 259
1 7 57 487
1 7 97 187
1 7 97 213
1 7 109 873
1 7 129 187
1 7 187 699
1 7 213 523
1 7 213 949
1 7 459 523
1 7 523 949
1 13 103 553
1 13 523 759
1 13 553 759
1 13 553 873
1 27 409 733
1 27 427 733
1 31 151 153
1 49 201 823
1 49 367 559
1 49 823 993
1 81 181 553
1 91 193 493
1 91 193 951
1 91 571 801
1 181 213 721
1 181 301 459
1 181 301 669
1 181 301 759
1 181 553 759
1 193 201 493
1 193 493 811
1 213 523 949
1 231 367 559
1 231 367 613
1 237 409 733
1 367 559 831
1 423 427 949
1 423 601 697
1 427 439 949
1 427 523 949
1 427 733 949
1 493 523 657
3 7 109 673
3 7 187 793
3 7 673 793
3 11 527 701
3 37 361 511
3 229 499 637
3 343 373 943
3 361 511 541
3 413 533 719
3 527 581 701
7 9 19 433
7 9 187 433
7 9 187 883
7 9 433 883
7 19 97 213
7 19 121 867
7 19 121 937
7 19 793 867
7 33 61 487
7 57 487 793
7 61 121 949
7 97 187 883
7 109 481 589
7 109 507 589
7 109 589 717
7 121 937 949
7 129 187 793
7 159 793 853
7 187 433 883
7 187 699 793
7 213 523 949
7 229 459 937
7 229 529 547
7 229 547 753
7 417 523 541
7 451 723 823
7 487 757 793
7 699 757 793
9 37 463 511
9 187 433 787
9 187 433 883
9 187 661 883
9 187 787 973
9 311 539 677
9 311 677 791
9 433 787 817
9 467 587 749
9 467 629 689
9 547 661 769
9 661 721 883
11 93 239 287
11 113 437 909
11 113 497 969
11 437 923 953
11 447 527 701
13 19 121 259
13 19 121 997
13 19 259 577
13 127 241 807
13 127 241 931
17 189 389 713
17 333 449 959
19 33 181 301
19 93 427 997
19 93 889 997
19 97 301 381
19 121 259 867
19 121 727 997
19 249 427 727
19 259 577 867
19 301 793 843
19 301 793 867
19 391 889 891
19 427 727 997
19 433 571 777
19 889 891 997
21 179 269 317
23 33 89 203
23 39 371 869
23 81 371 869
23 143 609 743
23 291 371 869
23 311 539 677
23 311 677 827
29 179 383 573
29 201 209 401
29 209 333 959
29 209 347 401
29 629 803 989
31 139 267 907
33 89 203 809
33 181 301 751
37 79 589 861
37 79 693 967
37 313 987 991
41 143 413 719
41 413 719 911
47 269 387 623
49 157 253 639
51 427 439 949
51 473 479 971
57 179 917 923
59 197 207 971
59 209 333 929
59 209 393 929
59 419 791 929
63 89 521 809
63 127 493 607
67 157 217 559
67 247 339 601
67 679 961 993
71 93 257 263
71 93 257 287
71 233 341 993
71 257 263 867
71 263 443 867
71 389 483 971
77 101 323 359
77 153 359 563
77 267 431 479
77 417 491 773
79 451 903 967
83 117 443 701
83 117 497 701
83 117 497 773
83 227 267 719
83 341 443 701
83 497 537 773
87 629 803 977
89 203 809 909
89 759 821 833
91 127 423 781
91 127 493 583
91 243 367 781
93 427 949 997
97 187 787 973
101 323 333 581
109 139 661 721
109 199 321 721
109 313 507 961
109 321 661 721
109 661 721 883
117 163 883 979
117 353 443 917
117 703 721 883
119 447 617 983
121 123 727 997
121 139 367 501
121 139 547 661
121 259 631 867
123 433 787 817
127 241 261 271
127 301 331 843
127 301 493 583
127 493 583 657
129 263 533 737
131 617 759 959
133 157 351 733
133 157 559 813
133 187 379 417
133 187 379 633
133 187 379 877
133 351 391 733
137 197 369 947
137 387 437 587
139 267 661 721
139 547 709 831
139 709 831 967
141 403 499 649
143 651 821 971
147 163 811 997
157 217 229 351
157 259 411 841
159 161 233 911
163 193 741 847
169 319 321 817
169 319 817 919
171 553 757 811
173 293 473 729
179 209 269 317
179 209 317 327
179 209 327 917
179 407 471 923
179 407 917 923
179 687 917 923
179 743 849 923
179 849 917 923
181 193 751 957
181 283 397 721
183 259 397 907
187 211 339 373
187 211 349 373
187 661 877 883
191 299 861 977
193 201 247 847
199 811 931 933
201 251 491 833
201 451 709 823
207 241 469 811
207 469 673 769
209 221 477 623
209 263 647 821
209 317 327 983
209 327 647 851
209 333 449 821
209 333 449 959
209 333 647 821
209 449 821 851
209 647 821 851
211 283 369 979
217 219 223 361
217 223 337 361
217 271 409 429
219 223 361 679
223 319 679 747
223 319 679 919
223 337 903 919
223 361 679 747
227 281 719 893
229 253 469 613
229 253 819 937
229 267 469 613
229 373 459 937
229 469 583 631
229 583 631 753
239 417 509 947
241 601 823 981
243 301 643 703
247 391 519 889
249 419 449 563
253 381 439 949
253 439 613 661
253 901 919 937
257 287 501 731
259 411 751 841
259 631 717 751
267 301 403 877
269 341 617 879
269 341 623 879
279 337 511 583
279 421 709 913
279 451 679 709
281 429 509 797
281 663 737 857
283 601 813 961
291 419 443 701
291 419 443 791
293 473 617 723
299 683 731 909
301 331 843 907
301 471 703 907
311 447 677 791
311 447 677 827
311 447 791 827
311 677 791 827
337 349 871 919
337 511 793 867
337 691 903 919
337 817 867 871
337 817 871 919
341 629 701 963
343 373 943 951
349 663 709 967
359 407 599 783
361 451 679 747
377 393 521 581
377 521 581 809
377 527 581 809
377 527 809 981
397 429 469 673
417 511 523 541
427 781 951 967
433 777 787 817
447 677 791 827
451 679 709 823
451 709 823 967
453 643 961 991
467 471 641 749
473 497 597 659
511 627 811 961
511 811 961 991
527 581 809 983
527 809 929 983
547 663 709 823
643 703 957 991
663 709 823 967
719 911 947 959
749 851 863 899
749 851 891 899
120
